[1.139s] DEBUG:colcon:Command line arguments: ['/usr/bin/colcon', 'build', '--executor', 'sequential', '--packages-select', 'my_camera']
[1.139s] DEBUG:colcon:Parsed command line arguments: Namespace(log_base=None, log_level=None, verb_name='build', build_base='build', install_base='install', merge_install=False, symlink_install=False, test_result_base=None, continue_on_error=False, executor='sequential', parallel_workers=4, event_handlers=None, ignore_user_meta=False, metas=['./colcon.meta'], base_paths=['.'], packages_ignore=None, packages_ignore_regex=None, paths=None, packages_up_to=None, packages_up_to_regex=None, packages_above=None, packages_above_and_dependencies=None, packages_above_depth=None, packages_select_by_dep=None, packages_skip_by_dep=None, packages_skip_up_to=None, packages_select_build_failed=False, packages_skip_build_finished=False, packages_select_test_failures=False, packages_skip_test_passed=False, packages_select=['my_camera'], packages_skip=None, packages_select_regex=None, packages_skip_regex=None, packages_start=None, packages_end=None, allow_overriding=[], cmake_args=None, cmake_target=None, cmake_target_skip_unavailable=False, cmake_clean_cache=False, cmake_clean_first=False, cmake_force_configure=False, ament_cmake_args=None, catkin_cmake_args=None, catkin_skip_building_tests=False, verb_parser=<colcon_defaults.argument_parser.defaults.DefaultArgumentsDecorator object at 0xffff9558efb0>, verb_extension=<colcon_core.verb.build.BuildVerb object at 0xffff956d8460>, main=<bound method BuildVerb.main of <colcon_core.verb.build.BuildVerb object at 0xffff956d8460>>)
[2.503s] Level 1:colcon.colcon_core.package_discovery:discover_packages(colcon_meta) check parameters
[2.503s] Level 1:colcon.colcon_core.package_discovery:discover_packages(recursive) check parameters
[2.504s] Level 1:colcon.colcon_core.package_discovery:discover_packages(ignore) check parameters
[2.504s] Level 1:colcon.colcon_core.package_discovery:discover_packages(path) check parameters
[2.504s] Level 1:colcon.colcon_core.package_discovery:discover_packages(colcon_meta) discover
[2.504s] Level 1:colcon.colcon_core.package_discovery:discover_packages(recursive) discover
[2.505s] INFO:colcon.colcon_core.package_discovery:Crawling recursively for packages in '/home/wael/ros2_ws/src'
[2.505s] Level 1:colcon.colcon_core.package_identification:_identify(.) by extensions ['ignore', 'ignore_ament_install']
[2.506s] Level 1:colcon.colcon_core.package_identification:_identify(.) by extension 'ignore'
[2.506s] Level 1:colcon.colcon_core.package_identification:_identify(.) by extension 'ignore_ament_install'
[2.506s] Level 1:colcon.colcon_core.package_identification:_identify(.) by extensions ['colcon_pkg']
[2.506s] Level 1:colcon.colcon_core.package_identification:_identify(.) by extension 'colcon_pkg'
[2.507s] Level 1:colcon.colcon_core.package_identification:_identify(.) by extensions ['colcon_meta']
[2.507s] Level 1:colcon.colcon_core.package_identification:_identify(.) by extension 'colcon_meta'
[2.507s] Level 1:colcon.colcon_core.package_identification:_identify(.) by extensions ['ros']
[2.507s] Level 1:colcon.colcon_core.package_identification:_identify(.) by extension 'ros'
[2.593s] Level 1:colcon.colcon_core.package_identification:_identify(.) by extensions ['cmake', 'python']
[2.593s] Level 1:colcon.colcon_core.package_identification:_identify(.) by extension 'cmake'
[2.594s] Level 1:colcon.colcon_core.package_identification:_identify(.) by extension 'python'
[2.594s] Level 1:colcon.colcon_core.package_identification:_identify(.) by extensions ['python_setup_py']
[2.594s] Level 1:colcon.colcon_core.package_identification:_identify(.) by extension 'python_setup_py'
[2.595s] Level 1:colcon.colcon_core.package_identification:_identify(build) by extensions ['ignore', 'ignore_ament_install']
[2.595s] Level 1:colcon.colcon_core.package_identification:_identify(build) by extension 'ignore'
[2.595s] Level 1:colcon.colcon_core.package_identification:_identify(build) ignored
[2.596s] Level 1:colcon.colcon_core.package_identification:_identify(install) by extensions ['ignore', 'ignore_ament_install']
[2.596s] Level 1:colcon.colcon_core.package_identification:_identify(install) by extension 'ignore'
[2.596s] Level 1:colcon.colcon_core.package_identification:_identify(install) ignored
[2.597s] Level 1:colcon.colcon_core.package_identification:_identify(log) by extensions ['ignore', 'ignore_ament_install']
[2.597s] Level 1:colcon.colcon_core.package_identification:_identify(log) by extension 'ignore'
[2.597s] Level 1:colcon.colcon_core.package_identification:_identify(log) ignored
[2.598s] Level 1:colcon.colcon_core.package_identification:_identify(my_camera) by extensions ['ignore', 'ignore_ament_install']
[2.598s] Level 1:colcon.colcon_core.package_identification:_identify(my_camera) by extension 'ignore'
[2.598s] Level 1:colcon.colcon_core.package_identification:_identify(my_camera) by extension 'ignore_ament_install'
[2.599s] Level 1:colcon.colcon_core.package_identification:_identify(my_camera) by extensions ['colcon_pkg']
[2.599s] Level 1:colcon.colcon_core.package_identification:_identify(my_camera) by extension 'colcon_pkg'
[2.599s] Level 1:colcon.colcon_core.package_identification:_identify(my_camera) by extensions ['colcon_meta']
[2.599s] Level 1:colcon.colcon_core.package_identification:_identify(my_camera) by extension 'colcon_meta'
[2.599s] Level 1:colcon.colcon_core.package_identification:_identify(my_camera) by extensions ['ros']
[2.600s] Level 1:colcon.colcon_core.package_identification:_identify(my_camera) by extension 'ros'
[2.613s] DEBUG:colcon.colcon_core.package_identification:Package 'my_camera' with type 'ros.ament_python' and name 'my_camera'
[2.614s] Level 1:colcon.colcon_core.package_identification:_identify(pi_usb_camera) by extensions ['ignore', 'ignore_ament_install']
[2.615s] Level 1:colcon.colcon_core.package_identification:_identify(pi_usb_camera) by extension 'ignore'
[2.615s] Level 1:colcon.colcon_core.package_identification:_identify(pi_usb_camera) by extension 'ignore_ament_install'
[2.615s] Level 1:colcon.colcon_core.package_identification:_identify(pi_usb_camera) by extensions ['colcon_pkg']
[2.615s] Level 1:colcon.colcon_core.package_identification:_identify(pi_usb_camera) by extension 'colcon_pkg'
[2.616s] Level 1:colcon.colcon_core.package_identification:_identify(pi_usb_camera) by extensions ['colcon_meta']
[2.616s] Level 1:colcon.colcon_core.package_identification:_identify(pi_usb_camera) by extension 'colcon_meta'
[2.616s] Level 1:colcon.colcon_core.package_identification:_identify(pi_usb_camera) by extensions ['ros']
[2.616s] Level 1:colcon.colcon_core.package_identification:_identify(pi_usb_camera) by extension 'ros'
[2.620s] DEBUG:colcon.colcon_core.package_identification:Package 'pi_usb_camera' with type 'ros.ament_python' and name 'pi_usb_camera'
[2.621s] Level 1:colcon.colcon_core.package_discovery:discover_packages(recursive) using defaults
[2.621s] Level 1:colcon.colcon_core.package_discovery:discover_packages(ignore) discover
[2.621s] Level 1:colcon.colcon_core.package_discovery:discover_packages(ignore) using defaults
[2.621s] Level 1:colcon.colcon_core.package_discovery:discover_packages(path) discover
[2.621s] Level 1:colcon.colcon_core.package_discovery:discover_packages(path) using defaults
[2.769s] INFO:colcon.colcon_core.package_selection:Skipping not selected package 'pi_usb_camera' in 'pi_usb_camera'
[2.773s] Level 1:colcon.colcon_core.package_discovery:discover_packages(prefix_path) check parameters
[2.773s] Level 1:colcon.colcon_core.package_discovery:discover_packages(prefix_path) discover
[2.803s] DEBUG:colcon.colcon_installed_package_information.package_discovery:Found 322 installed packages in /opt/ros/humble
[2.848s] Level 1:colcon.colcon_core.package_discovery:discover_packages(prefix_path) using defaults
[3.070s] Level 5:colcon.colcon_core.verb:set package 'my_camera' build argument 'cmake_args' from command line to 'None'
[3.071s] Level 5:colcon.colcon_core.verb:set package 'my_camera' build argument 'cmake_target' from command line to 'None'
[3.071s] Level 5:colcon.colcon_core.verb:set package 'my_camera' build argument 'cmake_target_skip_unavailable' from command line to 'False'
[3.071s] Level 5:colcon.colcon_core.verb:set package 'my_camera' build argument 'cmake_clean_cache' from command line to 'False'
[3.071s] Level 5:colcon.colcon_core.verb:set package 'my_camera' build argument 'cmake_clean_first' from command line to 'False'
[3.071s] Level 5:colcon.colcon_core.verb:set package 'my_camera' build argument 'cmake_force_configure' from command line to 'False'
[3.071s] Level 5:colcon.colcon_core.verb:set package 'my_camera' build argument 'ament_cmake_args' from command line to 'None'
[3.072s] Level 5:colcon.colcon_core.verb:set package 'my_camera' build argument 'catkin_cmake_args' from command line to 'None'
[3.072s] Level 5:colcon.colcon_core.verb:set package 'my_camera' build argument 'catkin_skip_building_tests' from command line to 'False'
[3.072s] DEBUG:colcon.colcon_core.verb:Building package 'my_camera' with the following arguments: {'ament_cmake_args': None, 'build_base': '/home/wael/ros2_ws/src/build/my_camera', 'catkin_cmake_args': None, 'catkin_skip_building_tests': False, 'cmake_args': None, 'cmake_clean_cache': False, 'cmake_clean_first': False, 'cmake_force_configure': False, 'cmake_target': None, 'cmake_target_skip_unavailable': False, 'install_base': '/home/wael/ros2_ws/src/install/my_camera', 'merge_install': False, 'path': '/home/wael/ros2_ws/src/my_camera', 'symlink_install': False, 'test_result_base': None}
[3.073s] INFO:colcon.colcon_core.executor:Executing jobs using 'sequential' executor
[3.076s] DEBUG:colcon.colcon_core.executor.sequential:run_until_complete 'my_camera'
[3.077s] INFO:colcon.colcon_ros.task.ament_python.build:Building ROS package in '/home/wael/ros2_ws/src/my_camera' with build type 'ament_python'
[3.077s] Level 1:colcon.colcon_core.shell:create_environment_hook('my_camera', 'ament_prefix_path')
[3.100s] INFO:colcon.colcon_core.plugin_system:Skipping extension 'colcon_core.shell.bat': Not used on non-Windows systems
[3.101s] INFO:colcon.colcon_core.shell:Creating environment hook '/home/wael/ros2_ws/src/install/my_camera/share/my_camera/hook/ament_prefix_path.ps1'
[3.106s] INFO:colcon.colcon_core.shell:Creating environment descriptor '/home/wael/ros2_ws/src/install/my_camera/share/my_camera/hook/ament_prefix_path.dsv'
[3.110s] INFO:colcon.colcon_core.shell:Creating environment hook '/home/wael/ros2_ws/src/install/my_camera/share/my_camera/hook/ament_prefix_path.sh'
[3.115s] INFO:colcon.colcon_core.shell:Skip shell extension 'powershell' for command environment: Not usable outside of PowerShell
[3.115s] DEBUG:colcon.colcon_core.shell:Skip shell extension 'dsv' for command environment
[4.423s] INFO:colcon.colcon_core.task.python.build:Building Python package in '/home/wael/ros2_ws/src/my_camera'
[4.424s] INFO:colcon.colcon_core.shell:Skip shell extension 'powershell' for command environment: Not usable outside of PowerShell
[4.424s] DEBUG:colcon.colcon_core.shell:Skip shell extension 'dsv' for command environment
[6.233s] DEBUG:colcon.colcon_core.event_handler.log_command:Invoking command in '/home/wael/ros2_ws/src/my_camera': PYTHONPATH=/home/wael/ros2_ws/src/build/my_camera/prefix_override:/usr/lib/python3/dist-packages/colcon_core/task/python/colcon_distutils_commands:/home/wael/ros2_ws/src/install/my_camera/lib/python3.10/site-packages:${PYTHONPATH} /usr/bin/python3 -W ignore:setup.py install is deprecated -W ignore:easy_install command is deprecated setup.py egg_info --egg-base ../build/my_camera build --build-base /home/wael/ros2_ws/src/build/my_camera/build install --record /home/wael/ros2_ws/src/build/my_camera/install.log --single-version-externally-managed install_data
[7.702s] DEBUG:colcon.colcon_core.event_handler.log_command:Invoked command in '/home/wael/ros2_ws/src/my_camera' returned '0': PYTHONPATH=/home/wael/ros2_ws/src/build/my_camera/prefix_override:/usr/lib/python3/dist-packages/colcon_core/task/python/colcon_distutils_commands:/home/wael/ros2_ws/src/install/my_camera/lib/python3.10/site-packages:${PYTHONPATH} /usr/bin/python3 -W ignore:setup.py install is deprecated -W ignore:easy_install command is deprecated setup.py egg_info --egg-base ../build/my_camera build --build-base /home/wael/ros2_ws/src/build/my_camera/build install --record /home/wael/ros2_ws/src/build/my_camera/install.log --single-version-externally-managed install_data
[7.729s] Level 1:colcon.colcon_core.environment:checking '/home/wael/ros2_ws/src/install/my_camera' for CMake module files
[7.731s] Level 1:colcon.colcon_core.environment:checking '/home/wael/ros2_ws/src/install/my_camera' for CMake config files
[7.736s] Level 1:colcon.colcon_core.environment:checking '/home/wael/ros2_ws/src/install/my_camera/lib'
[7.737s] Level 1:colcon.colcon_core.environment:checking '/home/wael/ros2_ws/src/install/my_camera/bin'
[7.738s] Level 1:colcon.colcon_core.environment:checking '/home/wael/ros2_ws/src/install/my_camera/lib/pkgconfig/my_camera.pc'
[7.739s] Level 1:colcon.colcon_core.environment:checking '/home/wael/ros2_ws/src/install/my_camera/lib/python3.10/site-packages'
[7.739s] Level 1:colcon.colcon_core.shell:create_environment_hook('my_camera', 'pythonpath')
[7.740s] INFO:colcon.colcon_core.shell:Creating environment hook '/home/wael/ros2_ws/src/install/my_camera/share/my_camera/hook/pythonpath.ps1'
[7.742s] INFO:colcon.colcon_core.shell:Creating environment descriptor '/home/wael/ros2_ws/src/install/my_camera/share/my_camera/hook/pythonpath.dsv'
[7.744s] INFO:colcon.colcon_core.shell:Creating environment hook '/home/wael/ros2_ws/src/install/my_camera/share/my_camera/hook/pythonpath.sh'
[7.746s] Level 1:colcon.colcon_core.environment:checking '/home/wael/ros2_ws/src/install/my_camera/bin'
[7.747s] Level 1:colcon.colcon_core.environment:create_environment_scripts_only(my_camera)
[7.748s] INFO:colcon.colcon_core.shell:Creating package script '/home/wael/ros2_ws/src/install/my_camera/share/my_camera/package.ps1'
[7.753s] INFO:colcon.colcon_core.shell:Creating package descriptor '/home/wael/ros2_ws/src/install/my_camera/share/my_camera/package.dsv'
[7.756s] INFO:colcon.colcon_core.shell:Creating package script '/home/wael/ros2_ws/src/install/my_camera/share/my_camera/package.sh'
[7.760s] INFO:colcon.colcon_core.shell:Creating package script '/home/wael/ros2_ws/src/install/my_camera/share/my_camera/package.bash'
[7.765s] INFO:colcon.colcon_core.shell:Creating package script '/home/wael/ros2_ws/src/install/my_camera/share/my_camera/package.zsh'
[7.770s] Level 1:colcon.colcon_core.environment:create_file_with_runtime_dependencies(/home/wael/ros2_ws/src/install/my_camera/share/colcon-core/packages/my_camera)
[7.771s] DEBUG:colcon.colcon_core.executor.sequential:run_until_complete 'my_camera' finished with '0'
[7.772s] DEBUG:colcon.colcon_core.executor.sequential:closing loop
[7.773s] DEBUG:colcon.colcon_core.executor.sequential:loop closed
[7.774s] DEBUG:colcon.colcon_core.event_reactor:joining thread
[7.803s] INFO:colcon.colcon_core.plugin_system:Skipping extension 'colcon_notification.desktop_notification.terminal_notifier': Not used on non-Darwin systems
[7.803s] INFO:colcon.colcon_core.plugin_system:Skipping extension 'colcon_notification.desktop_notification.win32': Not used on non-Windows systems
[7.804s] INFO:colcon.colcon_notification.desktop_notification:Sending desktop notification using 'notify2'
[32.824s] DEBUG:colcon.colcon_notification.desktop_notification.notify2:Failed to initialize notify2: org.freedesktop.DBus.Error.NoReply: Did not receive a reply. Possible causes include: the remote application did not send a reply, the message bus security policy blocked the reply, the reply timeout expired, or the network connection was broken.
[32.825s] DEBUG:colcon.colcon_core.event_reactor:joined thread
[32.827s] INFO:colcon.colcon_core.shell:Creating prefix script '/home/wael/ros2_ws/src/install/local_setup.ps1'
[32.838s] INFO:colcon.colcon_core.shell:Creating prefix util module '/home/wael/ros2_ws/src/install/_local_setup_util_ps1.py'
[32.846s] INFO:colcon.colcon_core.shell:Creating prefix chain script '/home/wael/ros2_ws/src/install/setup.ps1'
[32.852s] INFO:colcon.colcon_core.shell:Creating prefix script '/home/wael/ros2_ws/src/install/local_setup.sh'
[32.855s] INFO:colcon.colcon_core.shell:Creating prefix util module '/home/wael/ros2_ws/src/install/_local_setup_util_sh.py'
[32.858s] INFO:colcon.colcon_core.shell:Creating prefix chain script '/home/wael/ros2_ws/src/install/setup.sh'
[32.864s] INFO:colcon.colcon_core.shell:Creating prefix script '/home/wael/ros2_ws/src/install/local_setup.bash'
[32.867s] INFO:colcon.colcon_core.shell:Creating prefix chain script '/home/wael/ros2_ws/src/install/setup.bash'
[32.872s] INFO:colcon.colcon_core.shell:Creating prefix script '/home/wael/ros2_ws/src/install/local_setup.zsh'
[32.875s] INFO:colcon.colcon_core.shell:Creating prefix chain script '/home/wael/ros2_ws/src/install/setup.zsh'
