-- The C compiler identification is GNU 11.4.0
-- The CXX compiler identification is GNU 11.4.0
-- Detecting C compiler ABI info
-- Detecting C compiler ABI info - done
-- Check for working C compiler: /usr/bin/cc - skipped
-- Detecting C compile features
-- Detecting C compile features - done
-- Detecting CXX compiler ABI info
-- Detecting CXX compiler ABI info - done
-- Check for working CXX compiler: /usr/bin/c++ - skipped
-- Detecting CXX compile features
-- Detecting CXX compile features - done
-- Found ament_cmake: 1.3.11 (/opt/ros/humble/share/ament_cmake/cmake)
-- Found Python3: /usr/bin/python3 (found version "3.10.12") found components: Interpreter 
-- Found rclcpp: 16.0.11 (/opt/ros/humble/share/rclcpp/cmake)
-- Found rosidl_generator_c: 3.1.6 (/opt/ros/humble/share/rosidl_generator_c/cmake)
-- Found rosidl_adapter: 3.1.6 (/opt/ros/humble/share/rosidl_adapter/cmake)
-- Found rosidl_generator_cpp: 3.1.6 (/opt/ros/humble/share/rosidl_generator_cpp/cmake)
-- Using all available rosidl_typesupport_c: rosidl_typesupport_fastrtps_c;rosidl_typesupport_introspection_c
-- Using all available rosidl_typesupport_cpp: rosidl_typesupport_fastrtps_cpp;rosidl_typesupport_introspection_cpp
-- Found rmw_implementation_cmake: 6.1.2 (/opt/ros/humble/share/rmw_implementation_cmake/cmake)
-- Found rmw_fastrtps_cpp: 6.2.7 (/opt/ros/humble/share/rmw_fastrtps_cpp/cmake)
-- Found OpenSSL: /usr/lib/aarch64-linux-gnu/libcrypto.so (found version "3.0.2")  
-- Found FastRTPS: /opt/ros/humble/include  
-- Using RMW implementation 'rmw_fastrtps_cpp' as default
-- Looking for pthread.h
-- Looking for pthread.h - found
-- Performing Test CMAKE_HAVE_LIBC_PTHREAD
-- Performing Test CMAKE_HAVE_LIBC_PTHREAD - Success
-- Found Threads: TRUE  
-- Found geometry_msgs: 4.2.4 (/opt/ros/humble/share/geometry_msgs/cmake)
-- Configuring done
-- Generating done
-- Build files have been written to: /home/wael/ros2_ws/build/motor_control_cpp
[ 50%] [32mBuilding CXX object CMakeFiles/motor_control_node.dir/src/motor_control_node.cpp.o[0m
[100%] [32m[1mLinking CXX executable motor_control_node[0m
[100%] Built target motor_control_node
-- Install configuration: ""
-- Installing: /home/wael/ros2_ws/install/motor_control_cpp/lib/motor_control_cpp/motor_control_node
-- Set runtime path of "/home/wael/ros2_ws/install/motor_control_cpp/lib/motor_control_cpp/motor_control_node" to ""
-- Installing: /home/wael/ros2_ws/install/motor_control_cpp/share/motor_control_cpp//launch
-- Installing: /home/wael/ros2_ws/install/motor_control_cpp/share/motor_control_cpp//launch/motor_control.launch.py
-- Installing: /home/wael/ros2_ws/install/motor_control_cpp/share/ament_index/resource_index/package_run_dependencies/motor_control_cpp
-- Installing: /home/wael/ros2_ws/install/motor_control_cpp/share/ament_index/resource_index/parent_prefix_path/motor_control_cpp
-- Installing: /home/wael/ros2_ws/install/motor_control_cpp/share/motor_control_cpp/environment/ament_prefix_path.sh
-- Installing: /home/wael/ros2_ws/install/motor_control_cpp/share/motor_control_cpp/environment/ament_prefix_path.dsv
-- Installing: /home/wael/ros2_ws/install/motor_control_cpp/share/motor_control_cpp/environment/path.sh
-- Installing: /home/wael/ros2_ws/install/motor_control_cpp/share/motor_control_cpp/environment/path.dsv
-- Installing: /home/wael/ros2_ws/install/motor_control_cpp/share/motor_control_cpp/local_setup.bash
-- Installing: /home/wael/ros2_ws/install/motor_control_cpp/share/motor_control_cpp/local_setup.sh
-- Installing: /home/wael/ros2_ws/install/motor_control_cpp/share/motor_control_cpp/local_setup.zsh
-- Installing: /home/wael/ros2_ws/install/motor_control_cpp/share/motor_control_cpp/local_setup.dsv
-- Installing: /home/wael/ros2_ws/install/motor_control_cpp/share/motor_control_cpp/package.dsv
-- Installing: /home/wael/ros2_ws/install/motor_control_cpp/share/ament_index/resource_index/packages/motor_control_cpp
-- Installing: /home/wael/ros2_ws/install/motor_control_cpp/share/motor_control_cpp/cmake/motor_control_cppConfig.cmake
-- Installing: /home/wael/ros2_ws/install/motor_control_cpp/share/motor_control_cpp/cmake/motor_control_cppConfig-version.cmake
-- Installing: /home/wael/ros2_ws/install/motor_control_cpp/share/motor_control_cpp/package.xml
