[0.066s] Invoking command in '/home/wael/ros2_ws/build/motor_control_cpp': CMAKE_PREFIX_PATH=/opt/ros/humble /usr/bin/cmake /home/wael/ros2_ws/src/motor_control_cpp -DCMAKE_INSTALL_PREFIX=/home/wael/ros2_ws/install/motor_control_cpp
[0.448s] -- The C compiler identification is GNU 11.4.0
[1.710s] -- The CXX compiler identification is GNU 11.4.0
[1.763s] -- Detecting C compiler ABI info
[2.166s] -- Detecting C compiler ABI info - done
[2.196s] -- Check for working C compiler: /usr/bin/cc - skipped
[2.198s] -- Detecting C compile features
[2.202s] -- Detecting C compile features - done
[2.220s] -- Detecting CXX compiler ABI info
[2.647s] -- Detecting CXX compiler ABI info - done
[2.678s] -- Check for working CXX compiler: /usr/bin/c++ - skipped
[2.680s] -- Detecting CXX compile features
[2.682s] -- Detecting CXX compile features - done
[2.737s] -- Found ament_cmake: 1.3.11 (/opt/ros/humble/share/ament_cmake/cmake)
[3.582s] -- Found Python3: /usr/bin/python3 (found version "3.10.12") found components: Interpreter 
[4.382s] -- Found rclcpp: 16.0.11 (/opt/ros/humble/share/rclcpp/cmake)
[4.929s] -- Found rosidl_generator_c: 3.1.6 (/opt/ros/humble/share/rosidl_generator_c/cmake)
[5.002s] -- Found rosidl_adapter: 3.1.6 (/opt/ros/humble/share/rosidl_adapter/cmake)
[5.104s] -- Found rosidl_generator_cpp: 3.1.6 (/opt/ros/humble/share/rosidl_generator_cpp/cmake)
[5.263s] -- Using all available rosidl_typesupport_c: rosidl_typesupport_fastrtps_c;rosidl_typesupport_introspection_c
[5.421s] -- Using all available rosidl_typesupport_cpp: rosidl_typesupport_fastrtps_cpp;rosidl_typesupport_introspection_cpp
[5.912s] -- Found rmw_implementation_cmake: 6.1.2 (/opt/ros/humble/share/rmw_implementation_cmake/cmake)
[5.949s] -- Found rmw_fastrtps_cpp: 6.2.7 (/opt/ros/humble/share/rmw_fastrtps_cpp/cmake)
[6.717s] -- Found OpenSSL: /usr/lib/aarch64-linux-gnu/libcrypto.so (found version "3.0.2")  
[7.056s] -- Found FastRTPS: /opt/ros/humble/include  
[7.594s] -- Using RMW implementation 'rmw_fastrtps_cpp' as default
[7.709s] -- Looking for pthread.h
[8.096s] -- Looking for pthread.h - found
[8.099s] -- Performing Test CMAKE_HAVE_LIBC_PTHREAD
[8.477s] -- Performing Test CMAKE_HAVE_LIBC_PTHREAD - Success
[8.484s] -- Found Threads: TRUE  
[8.915s] -- Found geometry_msgs: 4.2.4 (/opt/ros/humble/share/geometry_msgs/cmake)
[9.333s] -- Configuring done
[9.406s] -- Generating done
[9.424s] -- Build files have been written to: /home/wael/ros2_ws/build/motor_control_cpp
[9.463s] Invoked command in '/home/wael/ros2_ws/build/motor_control_cpp' returned '0': CMAKE_PREFIX_PATH=/opt/ros/humble /usr/bin/cmake /home/wael/ros2_ws/src/motor_control_cpp -DCMAKE_INSTALL_PREFIX=/home/wael/ros2_ws/install/motor_control_cpp
[9.475s] Invoking command in '/home/wael/ros2_ws/build/motor_control_cpp': CMAKE_PREFIX_PATH=/opt/ros/humble /usr/bin/cmake --build /home/wael/ros2_ws/build/motor_control_cpp -- -j4 -l4
[9.719s] [ 50%] [32mBuilding CXX object CMakeFiles/motor_control_node.dir/src/motor_control_node.cpp.o[0m
[48.005s] [100%] [32m[1mLinking CXX executable motor_control_node[0m
[50.288s] [100%] Built target motor_control_node
[50.332s] Invoked command in '/home/wael/ros2_ws/build/motor_control_cpp' returned '0': CMAKE_PREFIX_PATH=/opt/ros/humble /usr/bin/cmake --build /home/wael/ros2_ws/build/motor_control_cpp -- -j4 -l4
[50.381s] Invoking command in '/home/wael/ros2_ws/build/motor_control_cpp': CMAKE_PREFIX_PATH=/opt/ros/humble /usr/bin/cmake --install /home/wael/ros2_ws/build/motor_control_cpp
[50.412s] -- Install configuration: ""
[50.413s] -- Installing: /home/wael/ros2_ws/install/motor_control_cpp/lib/motor_control_cpp/motor_control_node
[50.446s] -- Set runtime path of "/home/wael/ros2_ws/install/motor_control_cpp/lib/motor_control_cpp/motor_control_node" to ""
[50.446s] -- Installing: /home/wael/ros2_ws/install/motor_control_cpp/share/motor_control_cpp//launch
[50.447s] -- Installing: /home/wael/ros2_ws/install/motor_control_cpp/share/motor_control_cpp//launch/motor_control.launch.py
[50.449s] -- Installing: /home/wael/ros2_ws/install/motor_control_cpp/share/ament_index/resource_index/package_run_dependencies/motor_control_cpp
[50.451s] -- Installing: /home/wael/ros2_ws/install/motor_control_cpp/share/ament_index/resource_index/parent_prefix_path/motor_control_cpp
[50.453s] -- Installing: /home/wael/ros2_ws/install/motor_control_cpp/share/motor_control_cpp/environment/ament_prefix_path.sh
[50.454s] -- Installing: /home/wael/ros2_ws/install/motor_control_cpp/share/motor_control_cpp/environment/ament_prefix_path.dsv
[50.456s] -- Installing: /home/wael/ros2_ws/install/motor_control_cpp/share/motor_control_cpp/environment/path.sh
[50.458s] -- Installing: /home/wael/ros2_ws/install/motor_control_cpp/share/motor_control_cpp/environment/path.dsv
[50.460s] -- Installing: /home/wael/ros2_ws/install/motor_control_cpp/share/motor_control_cpp/local_setup.bash
[50.461s] -- Installing: /home/wael/ros2_ws/install/motor_control_cpp/share/motor_control_cpp/local_setup.sh
[50.462s] -- Installing: /home/wael/ros2_ws/install/motor_control_cpp/share/motor_control_cpp/local_setup.zsh
[50.464s] -- Installing: /home/wael/ros2_ws/install/motor_control_cpp/share/motor_control_cpp/local_setup.dsv
[50.465s] -- Installing: /home/wael/ros2_ws/install/motor_control_cpp/share/motor_control_cpp/package.dsv
[50.467s] -- Installing: /home/wael/ros2_ws/install/motor_control_cpp/share/ament_index/resource_index/packages/motor_control_cpp
[50.468s] -- Installing: /home/wael/ros2_ws/install/motor_control_cpp/share/motor_control_cpp/cmake/motor_control_cppConfig.cmake
[50.470s] -- Installing: /home/wael/ros2_ws/install/motor_control_cpp/share/motor_control_cpp/cmake/motor_control_cppConfig-version.cmake
[50.471s] -- Installing: /home/wael/ros2_ws/install/motor_control_cpp/share/motor_control_cpp/package.xml
[50.478s] Invoked command in '/home/wael/ros2_ws/build/motor_control_cpp' returned '0': CMAKE_PREFIX_PATH=/opt/ros/humble /usr/bin/cmake --install /home/wael/ros2_ws/build/motor_control_cpp
