running egg_info
creating ../build/my_camera/my_camera.egg-info
writing ../build/my_camera/my_camera.egg-info/PKG-INFO
writing dependency_links to ../build/my_camera/my_camera.egg-info/dependency_links.txt
writing entry points to ../build/my_camera/my_camera.egg-info/entry_points.txt
writing requirements to ../build/my_camera/my_camera.egg-info/requires.txt
writing top-level names to ../build/my_camera/my_camera.egg-info/top_level.txt
writing manifest file '../build/my_camera/my_camera.egg-info/SOURCES.txt'
reading manifest file '../build/my_camera/my_camera.egg-info/SOURCES.txt'
adding license file 'LICENSE'
writing manifest file '../build/my_camera/my_camera.egg-info/SOURCES.txt'
running build
running build_py
creating /home/wael/ros2_ws/src/build/my_camera/build
creating /home/wael/ros2_ws/src/build/my_camera/build/lib
creating /home/wael/ros2_ws/src/build/my_camera/build/lib/my_camera
copying my_camera/usbcam_node.py -> /home/wael/ros2_ws/src/build/my_camera/build/lib/my_camera
copying my_camera/__init__.py -> /home/wael/ros2_ws/src/build/my_camera/build/lib/my_camera
copying my_camera/webcam_node.py -> /home/wael/ros2_ws/src/build/my_camera/build/lib/my_camera
copying my_camera/ip_stream_node.py -> /home/wael/ros2_ws/src/build/my_camera/build/lib/my_camera
running install
running install_lib
creating /home/wael/ros2_ws/src/install/my_camera/lib/python3.10/site-packages/my_camera
copying /home/wael/ros2_ws/src/build/my_camera/build/lib/my_camera/usbcam_node.py -> /home/wael/ros2_ws/src/install/my_camera/lib/python3.10/site-packages/my_camera
copying /home/wael/ros2_ws/src/build/my_camera/build/lib/my_camera/__init__.py -> /home/wael/ros2_ws/src/install/my_camera/lib/python3.10/site-packages/my_camera
copying /home/wael/ros2_ws/src/build/my_camera/build/lib/my_camera/webcam_node.py -> /home/wael/ros2_ws/src/install/my_camera/lib/python3.10/site-packages/my_camera
copying /home/wael/ros2_ws/src/build/my_camera/build/lib/my_camera/ip_stream_node.py -> /home/wael/ros2_ws/src/install/my_camera/lib/python3.10/site-packages/my_camera
byte-compiling /home/wael/ros2_ws/src/install/my_camera/lib/python3.10/site-packages/my_camera/usbcam_node.py to usbcam_node.cpython-310.pyc
byte-compiling /home/wael/ros2_ws/src/install/my_camera/lib/python3.10/site-packages/my_camera/__init__.py to __init__.cpython-310.pyc
byte-compiling /home/wael/ros2_ws/src/install/my_camera/lib/python3.10/site-packages/my_camera/webcam_node.py to webcam_node.cpython-310.pyc
byte-compiling /home/wael/ros2_ws/src/install/my_camera/lib/python3.10/site-packages/my_camera/ip_stream_node.py to ip_stream_node.cpython-310.pyc
running install_data
creating /home/wael/ros2_ws/src/install/my_camera/share/ament_index
creating /home/wael/ros2_ws/src/install/my_camera/share/ament_index/resource_index
creating /home/wael/ros2_ws/src/install/my_camera/share/ament_index/resource_index/packages
copying resource/my_camera -> /home/wael/ros2_ws/src/install/my_camera/share/ament_index/resource_index/packages
copying package.xml -> /home/wael/ros2_ws/src/install/my_camera/share/my_camera
running install_egg_info
Copying ../build/my_camera/my_camera.egg-info to /home/wael/ros2_ws/src/install/my_camera/lib/python3.10/site-packages/my_camera-0.0.0-py3.10.egg-info
running install_scripts
Installing ip_stream_node script to /home/wael/ros2_ws/src/install/my_camera/lib/my_camera
Installing usbcam_node script to /home/wael/ros2_ws/src/install/my_camera/lib/my_camera
Installing webcam_node script to /home/wael/ros2_ws/src/install/my_camera/lib/my_camera
writing list of installed files to '/home/wael/ros2_ws/src/build/my_camera/install.log'
