[3.154s] Invoking command in '/home/wael/ros2_ws/src/my_camera': PYTHONPATH=/home/wael/ros2_ws/src/build/my_camera/prefix_override:/usr/lib/python3/dist-packages/colcon_core/task/python/colcon_distutils_commands:/home/wael/ros2_ws/src/install/my_camera/lib/python3.10/site-packages:${PYTHONPATH} /usr/bin/python3 -W ignore:setup.py install is deprecated -W ignore:easy_install command is deprecated setup.py egg_info --egg-base ../build/my_camera build --build-base /home/wael/ros2_ws/src/build/my_camera/build install --record /home/wael/ros2_ws/src/build/my_camera/install.log --single-version-externally-managed install_data
[4.352s] running egg_info
[4.355s] creating ../build/my_camera/my_camera.egg-info
[4.356s] writing ../build/my_camera/my_camera.egg-info/PKG-INFO
[4.357s] writing dependency_links to ../build/my_camera/my_camera.egg-info/dependency_links.txt
[4.357s] writing entry points to ../build/my_camera/my_camera.egg-info/entry_points.txt
[4.358s] writing requirements to ../build/my_camera/my_camera.egg-info/requires.txt
[4.359s] writing top-level names to ../build/my_camera/my_camera.egg-info/top_level.txt
[4.359s] writing manifest file '../build/my_camera/my_camera.egg-info/SOURCES.txt'
[4.367s] reading manifest file '../build/my_camera/my_camera.egg-info/SOURCES.txt'
[4.368s] adding license file 'LICENSE'
[4.370s] writing manifest file '../build/my_camera/my_camera.egg-info/SOURCES.txt'
[4.371s] running build
[4.372s] running build_py
[4.372s] creating /home/wael/ros2_ws/src/build/my_camera/build
[4.373s] creating /home/wael/ros2_ws/src/build/my_camera/build/lib
[4.373s] creating /home/wael/ros2_ws/src/build/my_camera/build/lib/my_camera
[4.374s] copying my_camera/usbcam_node.py -> /home/wael/ros2_ws/src/build/my_camera/build/lib/my_camera
[4.374s] copying my_camera/__init__.py -> /home/wael/ros2_ws/src/build/my_camera/build/lib/my_camera
[4.375s] copying my_camera/webcam_node.py -> /home/wael/ros2_ws/src/build/my_camera/build/lib/my_camera
[4.375s] copying my_camera/ip_stream_node.py -> /home/wael/ros2_ws/src/build/my_camera/build/lib/my_camera
[4.377s] running install
[4.378s] running install_lib
[4.381s] creating /home/wael/ros2_ws/src/install/my_camera/lib/python3.10/site-packages/my_camera
[4.382s] copying /home/wael/ros2_ws/src/build/my_camera/build/lib/my_camera/usbcam_node.py -> /home/wael/ros2_ws/src/install/my_camera/lib/python3.10/site-packages/my_camera
[4.383s] copying /home/wael/ros2_ws/src/build/my_camera/build/lib/my_camera/__init__.py -> /home/wael/ros2_ws/src/install/my_camera/lib/python3.10/site-packages/my_camera
[4.383s] copying /home/wael/ros2_ws/src/build/my_camera/build/lib/my_camera/webcam_node.py -> /home/wael/ros2_ws/src/install/my_camera/lib/python3.10/site-packages/my_camera
[4.384s] copying /home/wael/ros2_ws/src/build/my_camera/build/lib/my_camera/ip_stream_node.py -> /home/wael/ros2_ws/src/install/my_camera/lib/python3.10/site-packages/my_camera
[4.387s] byte-compiling /home/wael/ros2_ws/src/install/my_camera/lib/python3.10/site-packages/my_camera/usbcam_node.py to usbcam_node.cpython-310.pyc
[4.390s] byte-compiling /home/wael/ros2_ws/src/install/my_camera/lib/python3.10/site-packages/my_camera/__init__.py to __init__.cpython-310.pyc
[4.391s] byte-compiling /home/wael/ros2_ws/src/install/my_camera/lib/python3.10/site-packages/my_camera/webcam_node.py to webcam_node.cpython-310.pyc
[4.393s] byte-compiling /home/wael/ros2_ws/src/install/my_camera/lib/python3.10/site-packages/my_camera/ip_stream_node.py to ip_stream_node.cpython-310.pyc
[4.396s] running install_data
[4.396s] creating /home/wael/ros2_ws/src/install/my_camera/share/ament_index
[4.397s] creating /home/wael/ros2_ws/src/install/my_camera/share/ament_index/resource_index
[4.397s] creating /home/wael/ros2_ws/src/install/my_camera/share/ament_index/resource_index/packages
[4.398s] copying resource/my_camera -> /home/wael/ros2_ws/src/install/my_camera/share/ament_index/resource_index/packages
[4.398s] copying package.xml -> /home/wael/ros2_ws/src/install/my_camera/share/my_camera
[4.399s] running install_egg_info
[4.406s] Copying ../build/my_camera/my_camera.egg-info to /home/wael/ros2_ws/src/install/my_camera/lib/python3.10/site-packages/my_camera-0.0.0-py3.10.egg-info
[4.412s] running install_scripts
[4.501s] Installing ip_stream_node script to /home/wael/ros2_ws/src/install/my_camera/lib/my_camera
[4.501s] Installing usbcam_node script to /home/wael/ros2_ws/src/install/my_camera/lib/my_camera
[4.502s] Installing webcam_node script to /home/wael/ros2_ws/src/install/my_camera/lib/my_camera
[4.504s] writing list of installed files to '/home/wael/ros2_ws/src/build/my_camera/install.log'
[4.622s] Invoked command in '/home/wael/ros2_ws/src/my_camera' returned '0': PYTHONPATH=/home/wael/ros2_ws/src/build/my_camera/prefix_override:/usr/lib/python3/dist-packages/colcon_core/task/python/colcon_distutils_commands:/home/wael/ros2_ws/src/install/my_camera/lib/python3.10/site-packages:${PYTHONPATH} /usr/bin/python3 -W ignore:setup.py install is deprecated -W ignore:easy_install command is deprecated setup.py egg_info --egg-base ../build/my_camera build --build-base /home/wael/ros2_ws/src/build/my_camera/build install --record /home/wael/ros2_ws/src/build/my_camera/install.log --single-version-externally-managed install_data
