[1.112s] DEBUG:colcon:Command line arguments: ['/usr/bin/colcon', 'build', '--packages-select', 'motor_control_cpp']
[1.112s] DEBUG:colcon:Parsed command line arguments: Namespace(log_base=None, log_level=None, verb_name='build', build_base='build', install_base='install', merge_install=False, symlink_install=False, test_result_base=None, continue_on_error=False, executor='parallel', parallel_workers=4, event_handlers=None, ignore_user_meta=False, metas=['./colcon.meta'], base_paths=['.'], packages_ignore=None, packages_ignore_regex=None, paths=None, packages_up_to=None, packages_up_to_regex=None, packages_above=None, packages_above_and_dependencies=None, packages_above_depth=None, packages_select_by_dep=None, packages_skip_by_dep=None, packages_skip_up_to=None, packages_select_build_failed=False, packages_skip_build_finished=False, packages_select_test_failures=False, packages_skip_test_passed=False, packages_select=['motor_control_cpp'], packages_skip=None, packages_select_regex=None, packages_skip_regex=None, packages_start=None, packages_end=None, allow_overriding=[], cmake_args=None, cmake_target=None, cmake_target_skip_unavailable=False, cmake_clean_cache=False, cmake_clean_first=False, cmake_force_configure=False, ament_cmake_args=None, catkin_cmake_args=None, catkin_skip_building_tests=False, verb_parser=<colcon_defaults.argument_parser.defaults.DefaultArgumentsDecorator object at 0xffffa310f0a0>, verb_extension=<colcon_core.verb.build.BuildVerb object at 0xffffa330c550>, main=<bound method BuildVerb.main of <colcon_core.verb.build.BuildVerb object at 0xffffa330c550>>)
[2.548s] Level 1:colcon.colcon_core.package_discovery:discover_packages(colcon_meta) check parameters
[2.549s] Level 1:colcon.colcon_core.package_discovery:discover_packages(recursive) check parameters
[2.549s] Level 1:colcon.colcon_core.package_discovery:discover_packages(ignore) check parameters
[2.549s] Level 1:colcon.colcon_core.package_discovery:discover_packages(path) check parameters
[2.549s] Level 1:colcon.colcon_core.package_discovery:discover_packages(colcon_meta) discover
[2.550s] Level 1:colcon.colcon_core.package_discovery:discover_packages(recursive) discover
[2.550s] INFO:colcon.colcon_core.package_discovery:Crawling recursively for packages in '/home/wael/ros2_ws'
[2.551s] Level 1:colcon.colcon_core.package_identification:_identify(.) by extensions ['ignore', 'ignore_ament_install']
[2.551s] Level 1:colcon.colcon_core.package_identification:_identify(.) by extension 'ignore'
[2.551s] Level 1:colcon.colcon_core.package_identification:_identify(.) by extension 'ignore_ament_install'
[2.552s] Level 1:colcon.colcon_core.package_identification:_identify(.) by extensions ['colcon_pkg']
[2.552s] Level 1:colcon.colcon_core.package_identification:_identify(.) by extension 'colcon_pkg'
[2.552s] Level 1:colcon.colcon_core.package_identification:_identify(.) by extensions ['colcon_meta']
[2.552s] Level 1:colcon.colcon_core.package_identification:_identify(.) by extension 'colcon_meta'
[2.553s] Level 1:colcon.colcon_core.package_identification:_identify(.) by extensions ['ros']
[2.553s] Level 1:colcon.colcon_core.package_identification:_identify(.) by extension 'ros'
[2.644s] Level 1:colcon.colcon_core.package_identification:_identify(.) by extensions ['cmake', 'python']
[2.645s] Level 1:colcon.colcon_core.package_identification:_identify(.) by extension 'cmake'
[2.645s] Level 1:colcon.colcon_core.package_identification:_identify(.) by extension 'python'
[2.646s] Level 1:colcon.colcon_core.package_identification:_identify(.) by extensions ['python_setup_py']
[2.646s] Level 1:colcon.colcon_core.package_identification:_identify(.) by extension 'python_setup_py'
[2.646s] Level 1:colcon.colcon_core.package_identification:_identify(build) by extensions ['ignore', 'ignore_ament_install']
[2.647s] Level 1:colcon.colcon_core.package_identification:_identify(build) by extension 'ignore'
[2.647s] Level 1:colcon.colcon_core.package_identification:_identify(build) ignored
[2.648s] Level 1:colcon.colcon_core.package_identification:_identify(install) by extensions ['ignore', 'ignore_ament_install']
[2.649s] Level 1:colcon.colcon_core.package_identification:_identify(install) by extension 'ignore'
[2.649s] Level 1:colcon.colcon_core.package_identification:_identify(install) ignored
[2.650s] Level 1:colcon.colcon_core.package_identification:_identify(log) by extensions ['ignore', 'ignore_ament_install']
[2.651s] Level 1:colcon.colcon_core.package_identification:_identify(log) by extension 'ignore'
[2.651s] Level 1:colcon.colcon_core.package_identification:_identify(log) ignored
[2.652s] Level 1:colcon.colcon_core.package_identification:_identify(src) by extensions ['ignore', 'ignore_ament_install']
[2.653s] Level 1:colcon.colcon_core.package_identification:_identify(src) by extension 'ignore'
[2.653s] Level 1:colcon.colcon_core.package_identification:_identify(src) by extension 'ignore_ament_install'
[2.654s] Level 1:colcon.colcon_core.package_identification:_identify(src) by extensions ['colcon_pkg']
[2.654s] Level 1:colcon.colcon_core.package_identification:_identify(src) by extension 'colcon_pkg'
[2.655s] Level 1:colcon.colcon_core.package_identification:_identify(src) by extensions ['colcon_meta']
[2.655s] Level 1:colcon.colcon_core.package_identification:_identify(src) by extension 'colcon_meta'
[2.655s] Level 1:colcon.colcon_core.package_identification:_identify(src) by extensions ['ros']
[2.655s] Level 1:colcon.colcon_core.package_identification:_identify(src) by extension 'ros'
[2.656s] Level 1:colcon.colcon_core.package_identification:_identify(src) by extensions ['cmake', 'python']
[2.656s] Level 1:colcon.colcon_core.package_identification:_identify(src) by extension 'cmake'
[2.656s] Level 1:colcon.colcon_core.package_identification:_identify(src) by extension 'python'
[2.656s] Level 1:colcon.colcon_core.package_identification:_identify(src) by extensions ['python_setup_py']
[2.657s] Level 1:colcon.colcon_core.package_identification:_identify(src) by extension 'python_setup_py'
[2.657s] Level 1:colcon.colcon_core.package_identification:_identify(src/build) by extensions ['ignore', 'ignore_ament_install']
[2.658s] Level 1:colcon.colcon_core.package_identification:_identify(src/build) by extension 'ignore'
[2.658s] Level 1:colcon.colcon_core.package_identification:_identify(src/build) ignored
[2.659s] Level 1:colcon.colcon_core.package_identification:_identify(src/install) by extensions ['ignore', 'ignore_ament_install']
[2.659s] Level 1:colcon.colcon_core.package_identification:_identify(src/install) by extension 'ignore'
[2.659s] Level 1:colcon.colcon_core.package_identification:_identify(src/install) ignored
[2.660s] Level 1:colcon.colcon_core.package_identification:_identify(src/log) by extensions ['ignore', 'ignore_ament_install']
[2.660s] Level 1:colcon.colcon_core.package_identification:_identify(src/log) by extension 'ignore'
[2.660s] Level 1:colcon.colcon_core.package_identification:_identify(src/log) ignored
[2.661s] Level 1:colcon.colcon_core.package_identification:_identify(src/motor_control) by extensions ['ignore', 'ignore_ament_install']
[2.661s] Level 1:colcon.colcon_core.package_identification:_identify(src/motor_control) by extension 'ignore'
[2.661s] Level 1:colcon.colcon_core.package_identification:_identify(src/motor_control) by extension 'ignore_ament_install'
[2.662s] Level 1:colcon.colcon_core.package_identification:_identify(src/motor_control) by extensions ['colcon_pkg']
[2.662s] Level 1:colcon.colcon_core.package_identification:_identify(src/motor_control) by extension 'colcon_pkg'
[2.662s] Level 1:colcon.colcon_core.package_identification:_identify(src/motor_control) by extensions ['colcon_meta']
[2.662s] Level 1:colcon.colcon_core.package_identification:_identify(src/motor_control) by extension 'colcon_meta'
[2.663s] Level 1:colcon.colcon_core.package_identification:_identify(src/motor_control) by extensions ['ros']
[2.663s] Level 1:colcon.colcon_core.package_identification:_identify(src/motor_control) by extension 'ros'
[2.679s] DEBUG:colcon.colcon_core.package_identification:Package 'src/motor_control' with type 'ros.ament_python' and name 'motor_control'
[2.680s] Level 1:colcon.colcon_core.package_identification:_identify(src/motor_control_cpp) by extensions ['ignore', 'ignore_ament_install']
[2.681s] Level 1:colcon.colcon_core.package_identification:_identify(src/motor_control_cpp) by extension 'ignore'
[2.681s] Level 1:colcon.colcon_core.package_identification:_identify(src/motor_control_cpp) by extension 'ignore_ament_install'
[2.681s] Level 1:colcon.colcon_core.package_identification:_identify(src/motor_control_cpp) by extensions ['colcon_pkg']
[2.682s] Level 1:colcon.colcon_core.package_identification:_identify(src/motor_control_cpp) by extension 'colcon_pkg'
[2.682s] Level 1:colcon.colcon_core.package_identification:_identify(src/motor_control_cpp) by extensions ['colcon_meta']
[2.682s] Level 1:colcon.colcon_core.package_identification:_identify(src/motor_control_cpp) by extension 'colcon_meta'
[2.682s] Level 1:colcon.colcon_core.package_identification:_identify(src/motor_control_cpp) by extensions ['ros']
[2.683s] Level 1:colcon.colcon_core.package_identification:_identify(src/motor_control_cpp) by extension 'ros'
[2.686s] DEBUG:colcon.colcon_core.package_identification:Package 'src/motor_control_cpp' with type 'ros.ament_cmake' and name 'motor_control_cpp'
[2.687s] Level 1:colcon.colcon_core.package_identification:_identify(src/my_camera) by extensions ['ignore', 'ignore_ament_install']
[2.688s] Level 1:colcon.colcon_core.package_identification:_identify(src/my_camera) by extension 'ignore'
[2.688s] Level 1:colcon.colcon_core.package_identification:_identify(src/my_camera) by extension 'ignore_ament_install'
[2.688s] Level 1:colcon.colcon_core.package_identification:_identify(src/my_camera) by extensions ['colcon_pkg']
[2.688s] Level 1:colcon.colcon_core.package_identification:_identify(src/my_camera) by extension 'colcon_pkg'
[2.689s] Level 1:colcon.colcon_core.package_identification:_identify(src/my_camera) by extensions ['colcon_meta']
[2.689s] Level 1:colcon.colcon_core.package_identification:_identify(src/my_camera) by extension 'colcon_meta'
[2.689s] Level 1:colcon.colcon_core.package_identification:_identify(src/my_camera) by extensions ['ros']
[2.689s] Level 1:colcon.colcon_core.package_identification:_identify(src/my_camera) by extension 'ros'
[2.693s] DEBUG:colcon.colcon_core.package_identification:Package 'src/my_camera' with type 'ros.ament_python' and name 'my_camera'
[2.693s] Level 1:colcon.colcon_core.package_identification:_identify(src/pi_usb_camera) by extensions ['ignore', 'ignore_ament_install']
[2.694s] Level 1:colcon.colcon_core.package_identification:_identify(src/pi_usb_camera) by extension 'ignore'
[2.694s] Level 1:colcon.colcon_core.package_identification:_identify(src/pi_usb_camera) by extension 'ignore_ament_install'
[2.695s] Level 1:colcon.colcon_core.package_identification:_identify(src/pi_usb_camera) by extensions ['colcon_pkg']
[2.695s] Level 1:colcon.colcon_core.package_identification:_identify(src/pi_usb_camera) by extension 'colcon_pkg'
[2.695s] Level 1:colcon.colcon_core.package_identification:_identify(src/pi_usb_camera) by extensions ['colcon_meta']
[2.695s] Level 1:colcon.colcon_core.package_identification:_identify(src/pi_usb_camera) by extension 'colcon_meta'
[2.695s] Level 1:colcon.colcon_core.package_identification:_identify(src/pi_usb_camera) by extensions ['ros']
[2.696s] Level 1:colcon.colcon_core.package_identification:_identify(src/pi_usb_camera) by extension 'ros'
[2.700s] DEBUG:colcon.colcon_core.package_identification:Package 'src/pi_usb_camera' with type 'ros.ament_python' and name 'pi_usb_camera'
[2.701s] Level 1:colcon.colcon_core.package_discovery:discover_packages(recursive) using defaults
[2.701s] Level 1:colcon.colcon_core.package_discovery:discover_packages(ignore) discover
[2.701s] Level 1:colcon.colcon_core.package_discovery:discover_packages(ignore) using defaults
[2.701s] Level 1:colcon.colcon_core.package_discovery:discover_packages(path) discover
[2.702s] Level 1:colcon.colcon_core.package_discovery:discover_packages(path) using defaults
[2.895s] INFO:colcon.colcon_core.package_selection:Skipping not selected package 'motor_control' in 'src/motor_control'
[2.895s] INFO:colcon.colcon_core.package_selection:Skipping not selected package 'my_camera' in 'src/my_camera'
[2.895s] INFO:colcon.colcon_core.package_selection:Skipping not selected package 'pi_usb_camera' in 'src/pi_usb_camera'
[2.898s] Level 1:colcon.colcon_core.package_discovery:discover_packages(prefix_path) check parameters
[2.899s] Level 1:colcon.colcon_core.package_discovery:discover_packages(prefix_path) discover
[2.922s] DEBUG:colcon.colcon_installed_package_information.package_discovery:Found 322 installed packages in /opt/ros/humble
[2.932s] Level 1:colcon.colcon_core.package_discovery:discover_packages(prefix_path) using defaults
[3.158s] Level 5:colcon.colcon_core.verb:set package 'motor_control_cpp' build argument 'cmake_args' from command line to 'None'
[3.158s] Level 5:colcon.colcon_core.verb:set package 'motor_control_cpp' build argument 'cmake_target' from command line to 'None'
[3.159s] Level 5:colcon.colcon_core.verb:set package 'motor_control_cpp' build argument 'cmake_target_skip_unavailable' from command line to 'False'
[3.159s] Level 5:colcon.colcon_core.verb:set package 'motor_control_cpp' build argument 'cmake_clean_cache' from command line to 'False'
[3.159s] Level 5:colcon.colcon_core.verb:set package 'motor_control_cpp' build argument 'cmake_clean_first' from command line to 'False'
[3.159s] Level 5:colcon.colcon_core.verb:set package 'motor_control_cpp' build argument 'cmake_force_configure' from command line to 'False'
[3.159s] Level 5:colcon.colcon_core.verb:set package 'motor_control_cpp' build argument 'ament_cmake_args' from command line to 'None'
[3.159s] Level 5:colcon.colcon_core.verb:set package 'motor_control_cpp' build argument 'catkin_cmake_args' from command line to 'None'
[3.159s] Level 5:colcon.colcon_core.verb:set package 'motor_control_cpp' build argument 'catkin_skip_building_tests' from command line to 'False'
[3.160s] DEBUG:colcon.colcon_core.verb:Building package 'motor_control_cpp' with the following arguments: {'ament_cmake_args': None, 'build_base': '/home/wael/ros2_ws/build/motor_control_cpp', 'catkin_cmake_args': None, 'catkin_skip_building_tests': False, 'cmake_args': None, 'cmake_clean_cache': False, 'cmake_clean_first': False, 'cmake_force_configure': False, 'cmake_target': None, 'cmake_target_skip_unavailable': False, 'install_base': '/home/wael/ros2_ws/install/motor_control_cpp', 'merge_install': False, 'path': '/home/wael/ros2_ws/src/motor_control_cpp', 'symlink_install': False, 'test_result_base': None}
[3.160s] INFO:colcon.colcon_core.executor:Executing jobs using 'parallel' executor
[3.164s] DEBUG:colcon.colcon_parallel_executor.executor.parallel:run_until_complete
[3.165s] INFO:colcon.colcon_ros.task.ament_cmake.build:Building ROS package in '/home/wael/ros2_ws/src/motor_control_cpp' with build type 'ament_cmake'
[3.166s] INFO:colcon.colcon_cmake.task.cmake.build:Building CMake package in '/home/wael/ros2_ws/src/motor_control_cpp'
[3.189s] INFO:colcon.colcon_core.plugin_system:Skipping extension 'colcon_core.shell.bat': Not used on non-Windows systems
[3.190s] INFO:colcon.colcon_core.shell:Skip shell extension 'powershell' for command environment: Not usable outside of PowerShell
[3.190s] DEBUG:colcon.colcon_core.shell:Skip shell extension 'dsv' for command environment
[3.234s] DEBUG:colcon.colcon_core.event_handler.log_command:Invoking command in '/home/wael/ros2_ws/build/motor_control_cpp': CMAKE_PREFIX_PATH=/opt/ros/humble /usr/bin/cmake /home/wael/ros2_ws/src/motor_control_cpp -DCMAKE_INSTALL_PREFIX=/home/wael/ros2_ws/install/motor_control_cpp
[12.631s] DEBUG:colcon.colcon_core.event_handler.log_command:Invoked command in '/home/wael/ros2_ws/build/motor_control_cpp' returned '0': CMAKE_PREFIX_PATH=/opt/ros/humble /usr/bin/cmake /home/wael/ros2_ws/src/motor_control_cpp -DCMAKE_INSTALL_PREFIX=/home/wael/ros2_ws/install/motor_control_cpp
[12.644s] DEBUG:colcon.colcon_core.event_handler.log_command:Invoking command in '/home/wael/ros2_ws/build/motor_control_cpp': CMAKE_PREFIX_PATH=/opt/ros/humble /usr/bin/cmake --build /home/wael/ros2_ws/build/motor_control_cpp -- -j4 -l4
[53.500s] DEBUG:colcon.colcon_core.event_handler.log_command:Invoked command in '/home/wael/ros2_ws/build/motor_control_cpp' returned '0': CMAKE_PREFIX_PATH=/opt/ros/humble /usr/bin/cmake --build /home/wael/ros2_ws/build/motor_control_cpp -- -j4 -l4
[53.549s] DEBUG:colcon.colcon_core.event_handler.log_command:Invoking command in '/home/wael/ros2_ws/build/motor_control_cpp': CMAKE_PREFIX_PATH=/opt/ros/humble /usr/bin/cmake --install /home/wael/ros2_ws/build/motor_control_cpp
[53.644s] Level 1:colcon.colcon_core.environment:create_environment_scripts_only(motor_control_cpp)
[53.646s] DEBUG:colcon.colcon_core.event_handler.log_command:Invoked command in '/home/wael/ros2_ws/build/motor_control_cpp' returned '0': CMAKE_PREFIX_PATH=/opt/ros/humble /usr/bin/cmake --install /home/wael/ros2_ws/build/motor_control_cpp
[53.674s] Level 1:colcon.colcon_core.environment:checking '/home/wael/ros2_ws/install/motor_control_cpp' for CMake module files
[53.678s] Level 1:colcon.colcon_core.environment:checking '/home/wael/ros2_ws/install/motor_control_cpp' for CMake config files
[53.681s] Level 1:colcon.colcon_core.shell:create_environment_hook('motor_control_cpp', 'cmake_prefix_path')
[53.682s] INFO:colcon.colcon_core.shell:Creating environment hook '/home/wael/ros2_ws/install/motor_control_cpp/share/motor_control_cpp/hook/cmake_prefix_path.ps1'
[53.687s] INFO:colcon.colcon_core.shell:Creating environment descriptor '/home/wael/ros2_ws/install/motor_control_cpp/share/motor_control_cpp/hook/cmake_prefix_path.dsv'
[53.690s] INFO:colcon.colcon_core.shell:Creating environment hook '/home/wael/ros2_ws/install/motor_control_cpp/share/motor_control_cpp/hook/cmake_prefix_path.sh'
[53.695s] Level 1:colcon.colcon_core.environment:checking '/home/wael/ros2_ws/install/motor_control_cpp/lib'
[53.697s] Level 1:colcon.colcon_core.environment:checking '/home/wael/ros2_ws/install/motor_control_cpp/bin'
[53.697s] Level 1:colcon.colcon_core.environment:checking '/home/wael/ros2_ws/install/motor_control_cpp/lib/pkgconfig/motor_control_cpp.pc'
[53.698s] Level 1:colcon.colcon_core.environment:checking '/home/wael/ros2_ws/install/motor_control_cpp/lib/python3.10/site-packages'
[53.699s] Level 1:colcon.colcon_core.environment:checking '/home/wael/ros2_ws/install/motor_control_cpp/bin'
[53.701s] INFO:colcon.colcon_core.shell:Creating package script '/home/wael/ros2_ws/install/motor_control_cpp/share/motor_control_cpp/package.ps1'
[53.706s] INFO:colcon.colcon_core.shell:Creating package descriptor '/home/wael/ros2_ws/install/motor_control_cpp/share/motor_control_cpp/package.dsv'
[53.710s] INFO:colcon.colcon_core.shell:Creating package script '/home/wael/ros2_ws/install/motor_control_cpp/share/motor_control_cpp/package.sh'
[53.714s] INFO:colcon.colcon_core.shell:Creating package script '/home/wael/ros2_ws/install/motor_control_cpp/share/motor_control_cpp/package.bash'
[53.720s] INFO:colcon.colcon_core.shell:Creating package script '/home/wael/ros2_ws/install/motor_control_cpp/share/motor_control_cpp/package.zsh'
[53.725s] Level 1:colcon.colcon_core.environment:create_file_with_runtime_dependencies(/home/wael/ros2_ws/install/motor_control_cpp/share/colcon-core/packages/motor_control_cpp)
[53.728s] Level 1:colcon.colcon_core.environment:create_environment_scripts_only(motor_control_cpp)
[53.729s] Level 1:colcon.colcon_core.environment:checking '/home/wael/ros2_ws/install/motor_control_cpp' for CMake module files
[53.733s] Level 1:colcon.colcon_core.environment:checking '/home/wael/ros2_ws/install/motor_control_cpp' for CMake config files
[53.736s] Level 1:colcon.colcon_core.shell:create_environment_hook('motor_control_cpp', 'cmake_prefix_path')
[53.737s] INFO:colcon.colcon_core.shell:Creating environment hook '/home/wael/ros2_ws/install/motor_control_cpp/share/motor_control_cpp/hook/cmake_prefix_path.ps1'
[53.740s] INFO:colcon.colcon_core.shell:Creating environment descriptor '/home/wael/ros2_ws/install/motor_control_cpp/share/motor_control_cpp/hook/cmake_prefix_path.dsv'
[53.742s] INFO:colcon.colcon_core.shell:Creating environment hook '/home/wael/ros2_ws/install/motor_control_cpp/share/motor_control_cpp/hook/cmake_prefix_path.sh'
[53.745s] Level 1:colcon.colcon_core.environment:checking '/home/wael/ros2_ws/install/motor_control_cpp/lib'
[53.745s] Level 1:colcon.colcon_core.environment:checking '/home/wael/ros2_ws/install/motor_control_cpp/bin'
[53.745s] Level 1:colcon.colcon_core.environment:checking '/home/wael/ros2_ws/install/motor_control_cpp/lib/pkgconfig/motor_control_cpp.pc'
[53.746s] Level 1:colcon.colcon_core.environment:checking '/home/wael/ros2_ws/install/motor_control_cpp/lib/python3.10/site-packages'
[53.747s] Level 1:colcon.colcon_core.environment:checking '/home/wael/ros2_ws/install/motor_control_cpp/bin'
[53.749s] INFO:colcon.colcon_core.shell:Creating package script '/home/wael/ros2_ws/install/motor_control_cpp/share/motor_control_cpp/package.ps1'
[53.752s] INFO:colcon.colcon_core.shell:Creating package descriptor '/home/wael/ros2_ws/install/motor_control_cpp/share/motor_control_cpp/package.dsv'
[53.755s] INFO:colcon.colcon_core.shell:Creating package script '/home/wael/ros2_ws/install/motor_control_cpp/share/motor_control_cpp/package.sh'
[53.758s] INFO:colcon.colcon_core.shell:Creating package script '/home/wael/ros2_ws/install/motor_control_cpp/share/motor_control_cpp/package.bash'
[53.760s] INFO:colcon.colcon_core.shell:Creating package script '/home/wael/ros2_ws/install/motor_control_cpp/share/motor_control_cpp/package.zsh'
[53.763s] Level 1:colcon.colcon_core.environment:create_file_with_runtime_dependencies(/home/wael/ros2_ws/install/motor_control_cpp/share/colcon-core/packages/motor_control_cpp)
[53.764s] DEBUG:colcon.colcon_parallel_executor.executor.parallel:closing loop
[53.765s] DEBUG:colcon.colcon_parallel_executor.executor.parallel:loop closed
[53.765s] DEBUG:colcon.colcon_parallel_executor.executor.parallel:run_until_complete finished with '0'
[53.766s] DEBUG:colcon.colcon_core.event_reactor:joining thread
[53.796s] INFO:colcon.colcon_core.plugin_system:Skipping extension 'colcon_notification.desktop_notification.terminal_notifier': Not used on non-Darwin systems
[53.797s] INFO:colcon.colcon_core.plugin_system:Skipping extension 'colcon_notification.desktop_notification.win32': Not used on non-Windows systems
[53.797s] INFO:colcon.colcon_notification.desktop_notification:Sending desktop notification using 'notify2'
[78.830s] DEBUG:colcon.colcon_notification.desktop_notification.notify2:Failed to initialize notify2: org.freedesktop.DBus.Error.NoReply: Did not receive a reply. Possible causes include: the remote application did not send a reply, the message bus security policy blocked the reply, the reply timeout expired, or the network connection was broken.
[78.831s] DEBUG:colcon.colcon_core.event_reactor:joined thread
[78.833s] INFO:colcon.colcon_core.shell:Creating prefix script '/home/wael/ros2_ws/install/local_setup.ps1'
[78.843s] INFO:colcon.colcon_core.shell:Creating prefix util module '/home/wael/ros2_ws/install/_local_setup_util_ps1.py'
[78.853s] INFO:colcon.colcon_core.shell:Creating prefix chain script '/home/wael/ros2_ws/install/setup.ps1'
[78.859s] INFO:colcon.colcon_core.shell:Creating prefix script '/home/wael/ros2_ws/install/local_setup.sh'
[78.863s] INFO:colcon.colcon_core.shell:Creating prefix util module '/home/wael/ros2_ws/install/_local_setup_util_sh.py'
[78.866s] INFO:colcon.colcon_core.shell:Creating prefix chain script '/home/wael/ros2_ws/install/setup.sh'
[78.874s] INFO:colcon.colcon_core.shell:Creating prefix script '/home/wael/ros2_ws/install/local_setup.bash'
[78.878s] INFO:colcon.colcon_core.shell:Creating prefix chain script '/home/wael/ros2_ws/install/setup.bash'
[78.883s] INFO:colcon.colcon_core.shell:Creating prefix script '/home/wael/ros2_ws/install/local_setup.zsh'
[78.888s] INFO:colcon.colcon_core.shell:Creating prefix chain script '/home/wael/ros2_ws/install/setup.zsh'
