[3.185s] Invoking command in '/home/wael/ros2_ws/src/motor_control': PYTHONPATH=/home/wael/ros2_ws/build/motor_control/prefix_override:/usr/lib/python3/dist-packages/colcon_core/task/python/colcon_distutils_commands:/home/wael/ros2_ws/install/motor_control/lib/python3.10/site-packages:${PYTHONPATH} /usr/bin/python3 -W ignore:setup.py install is deprecated -W ignore:easy_install command is deprecated setup.py egg_info --egg-base ../../build/motor_control build --build-base /home/wael/ros2_ws/build/motor_control/build install --record /home/wael/ros2_ws/build/motor_control/install.log --single-version-externally-managed install_data
[4.464s] running egg_info
[4.468s] writing ../../build/motor_control/motor_control.egg-info/PKG-INFO
[4.469s] writing dependency_links to ../../build/motor_control/motor_control.egg-info/dependency_links.txt
[4.470s] writing entry points to ../../build/motor_control/motor_control.egg-info/entry_points.txt
[4.471s] writing requirements to ../../build/motor_control/motor_control.egg-info/requires.txt
[4.472s] writing top-level names to ../../build/motor_control/motor_control.egg-info/top_level.txt
[4.480s] reading manifest file '../../build/motor_control/motor_control.egg-info/SOURCES.txt'
[4.485s] writing manifest file '../../build/motor_control/motor_control.egg-info/SOURCES.txt'
[4.486s] running build
[4.486s] running build_py
[4.487s] running install
[4.489s] running install_lib
[4.495s] running install_data
[4.496s] running install_egg_info
[4.504s] removing '/home/wael/ros2_ws/install/motor_control/lib/python3.10/site-packages/motor_control-0.0.1-py3.10.egg-info' (and everything under it)
[4.506s] Copying ../../build/motor_control/motor_control.egg-info to /home/wael/ros2_ws/install/motor_control/lib/python3.10/site-packages/motor_control-0.0.1-py3.10.egg-info
[4.512s] running install_scripts
[4.603s] Installing motor_control_node script to /home/wael/ros2_ws/install/motor_control/lib/motor_control
[4.605s] writing list of installed files to '/home/wael/ros2_ws/build/motor_control/install.log'
[4.728s] Invoked command in '/home/wael/ros2_ws/src/motor_control' returned '0': PYTHONPATH=/home/wael/ros2_ws/build/motor_control/prefix_override:/usr/lib/python3/dist-packages/colcon_core/task/python/colcon_distutils_commands:/home/wael/ros2_ws/install/motor_control/lib/python3.10/site-packages:${PYTHONPATH} /usr/bin/python3 -W ignore:setup.py install is deprecated -W ignore:easy_install command is deprecated setup.py egg_info --egg-base ../../build/motor_control build --build-base /home/wael/ros2_ws/build/motor_control/build install --record /home/wael/ros2_ws/build/motor_control/install.log --single-version-externally-managed install_data
