/home/wael/ros2_ws/src/install/my_camera/lib/python3.10/site-packages/my_camera/usbcam_node.py
/home/wael/ros2_ws/src/install/my_camera/lib/python3.10/site-packages/my_camera/__init__.py
/home/wael/ros2_ws/src/install/my_camera/lib/python3.10/site-packages/my_camera/webcam_node.py
/home/wael/ros2_ws/src/install/my_camera/lib/python3.10/site-packages/my_camera/ip_stream_node.py
/home/wael/ros2_ws/src/install/my_camera/lib/python3.10/site-packages/my_camera/__pycache__/usbcam_node.cpython-310.pyc
/home/wael/ros2_ws/src/install/my_camera/lib/python3.10/site-packages/my_camera/__pycache__/__init__.cpython-310.pyc
/home/wael/ros2_ws/src/install/my_camera/lib/python3.10/site-packages/my_camera/__pycache__/webcam_node.cpython-310.pyc
/home/wael/ros2_ws/src/install/my_camera/lib/python3.10/site-packages/my_camera/__pycache__/ip_stream_node.cpython-310.pyc
/home/wael/ros2_ws/src/install/my_camera/share/ament_index/resource_index/packages/my_camera
/home/wael/ros2_ws/src/install/my_camera/share/my_camera/package.xml
/home/wael/ros2_ws/src/install/my_camera/lib/python3.10/site-packages/my_camera-0.0.0-py3.10.egg-info/zip-safe
/home/wael/ros2_ws/src/install/my_camera/lib/python3.10/site-packages/my_camera-0.0.0-py3.10.egg-info/PKG-INFO
/home/wael/ros2_ws/src/install/my_camera/lib/python3.10/site-packages/my_camera-0.0.0-py3.10.egg-info/top_level.txt
/home/wael/ros2_ws/src/install/my_camera/lib/python3.10/site-packages/my_camera-0.0.0-py3.10.egg-info/requires.txt
/home/wael/ros2_ws/src/install/my_camera/lib/python3.10/site-packages/my_camera-0.0.0-py3.10.egg-info/entry_points.txt
/home/wael/ros2_ws/src/install/my_camera/lib/python3.10/site-packages/my_camera-0.0.0-py3.10.egg-info/dependency_links.txt
/home/wael/ros2_ws/src/install/my_camera/lib/python3.10/site-packages/my_camera-0.0.0-py3.10.egg-info/SOURCES.txt
/home/wael/ros2_ws/src/install/my_camera/lib/my_camera/ip_stream_node
/home/wael/ros2_ws/src/install/my_camera/lib/my_camera/usbcam_node
/home/wael/ros2_ws/src/install/my_camera/lib/my_camera/webcam_node
